# JRE version: Java(TM) SE Runtime Environment (8.0_221-b11) (build 1.8.0_221-b11)
# Java VM: Java HotSpot(TM) 64-Bit Server VM (25.221-b11 mixed mode windows-amd64 compressed oops)
Heap:
 PSYoungGen      total 71680K, used 55974K [0x00000000f5580000, 0x00000000fa580000, 0x0000000100000000)
  eden space 64512K, 77% used [0x00000000f5580000,0x00000000f8659970,0x00000000f9480000)
  from space 7168K, 83% used [0x00000000f9e80000,0x00000000fa44ff90,0x00000000fa580000)
  to   space 8704K, 0% used [0x00000000f9480000,0x00000000f9480000,0x00000000f9d00000)
 ParOldGen       total 44032K, used 5495K [0x00000000e0000000, 0x00000000e2b00000, 0x00000000f5580000)
  object space 44032K, 12% used [0x00000000e0000000,0x00000000e055dcf8,0x00000000e2b00000)
 Metaspace       used 30284K, capacity 32204K, committed 32512K, reserved 1077248K
  class space    used 4129K, capacity 4533K, committed 4608K, reserved 1048576K
GC Heap History (10 events):
Event: 6.581 GC heap before
{Heap before GC invocations=5 (full 0):
 PSYoungGen      total 38400K, used 6304K [0x00000000f5580000, 0x00000000f8000000, 0x0000000100000000)
  eden space 33280K, 3% used [0x00000000f5580000,0x00000000f56a88d8,0x00000000f7600000)
  from space 5120K, 99% used [0x00000000f7b00000,0x00000000f7fff9c8,0x00000000f8000000)
  to   space 5120K, 0% used [0x00000000f7600000,0x00000000f7600000,0x00000000f7b00000)
 ParOldGen       total 87552K, used 4514K [0x00000000e0000000, 0x00000000e5580000, 0x00000000f5580000)
  object space 87552K, 5% used [0x00000000e0000000,0x00000000e0468a68,0x00000000e5580000)
 Metaspace       used 19647K, capacity 21172K, committed 21248K, reserved 1067008K
  class space    used 2661K, capacity 3006K, committed 3072K, reserved 1048576K
Event: 6.604 GC heap after
Heap after GC invocations=5 (full 0):
 PSYoungGen      total 38400K, used 5119K [0x00000000f5580000, 0x00000000fa680000, 0x0000000100000000)
  eden space 33280K, 0% used [0x00000000f5580000,0x00000000f5580000,0x00000000f7600000)
  from space 5120K, 99% used [0x00000000f7600000,0x00000000f7affde8,0x00000000f7b00000)
  to   space 8192K, 0% used [0x00000000f9e80000,0x00000000f9e80000,0x00000000fa680000)
 ParOldGen       total 87552K, used 4625K [0x00000000e0000000, 0x00000000e5580000, 0x00000000f5580000)
  object space 87552K, 5% used [0x00000000e0000000,0x00000000e0484470,0x00000000e5580000)
 Metaspace       used 19647K, capacity 21172K, committed 21248K, reserved 1067008K
  class space    used 2661K, capacity 3006K, committed 3072K, reserved 1048576K
}
Event: 6.604 GC heap before
{Heap before GC invocations=6 (full 1):
 PSYoungGen      total 38400K, used 5119K [0x00000000f5580000, 0x00000000fa680000, 0x0000000100000000)
  eden space 33280K, 0% used [0x00000000f5580000,0x00000000f5580000,0x00000000f7600000)
  from space 5120K, 99% used [0x00000000f7600000,0x00000000f7affde8,0x00000000f7b00000)
  to   space 8192K, 0% used [0x00000000f9e80000,0x00000000f9e80000,0x00000000fa680000)
 ParOldGen       total 87552K, used 4625K [0x00000000e0000000, 0x00000000e5580000, 0x00000000f5580000)
  object space 87552K, 5% used [0x00000000e0000000,0x00000000e0484470,0x00000000e5580000)
 Metaspace       used 19647K, capacity 21172K, committed 21248K, reserved 1067008K
  class space    used 2661K, capacity 3006K, committed 3072K, reserved 1048576K
Event: 6.667 GC heap after
Heap after GC invocations=6 (full 1):
 PSYoungGen      total 38400K, used 0K [0x00000000f5580000, 0x00000000fa680000, 0x0000000100000000)
  eden space 33280K, 0% used [0x00000000f5580000,0x00000000f5580000,0x00000000f7600000)
  from space 5120K, 0% used [0x00000000f7600000,0x00000000f7600000,0x00000000f7b00000)
  to   space 8192K, 0% used [0x00000000f9e80000,0x00000000f9e80000,0x00000000fa680000)
 ParOldGen       total 44032K, used 5487K [0x00000000e0000000, 0x00000000e2b00000, 0x00000000f5580000)
  object space 44032K, 12% used [0x00000000e0000000,0x00000000e055bcf8,0x00000000e2b00000)
 Metaspace       used 19647K, capacity 21172K, committed 21248K, reserved 1067008K
  class space    used 2661K, capacity 3006K, committed 3072K, reserved 1048576K
}
Event: 7.223 GC heap before
{Heap before GC invocations=7 (full 1):
 PSYoungGen      total 38400K, used 33280K [0x00000000f5580000, 0x00000000fa680000, 0x0000000100000000)
  eden space 33280K, 100% used [0x00000000f5580000,0x00000000f7600000,0x00000000f7600000)
  from space 5120K, 0% used [0x00000000f7600000,0x00000000f7600000,0x00000000f7b00000)
  to   space 8192K, 0% used [0x00000000f9e80000,0x00000000f9e80000,0x00000000fa680000)
 ParOldGen       total 44032K, used 5487K [0x00000000e0000000, 0x00000000e2b00000, 0x00000000f5580000)
  object space 44032K, 12% used [0x00000000e0000000,0x00000000e055bcf8,0x00000000e2b00000)
 Metaspace       used 22191K, capacity 23856K, committed 23936K, reserved 1069056K
  class space    used 3069K, capacity 3437K, committed 3456K, reserved 1048576K
Event: 7.236 GC heap after
Heap after GC invocations=7 (full 1):
 PSYoungGen      total 71680K, used 2759K [0x00000000f5580000, 0x00000000fa580000, 0x0000000100000000)
  eden space 64512K, 0% used [0x00000000f5580000,0x00000000f5580000,0x00000000f9480000)
  from space 7168K, 38% used [0x00000000f9e80000,0x00000000fa131e40,0x00000000fa580000)
  to   space 8704K, 0% used [0x00000000f9480000,0x00000000f9480000,0x00000000f9d00000)
 ParOldGen       total 44032K, used 5487K [0x00000000e0000000, 0x00000000e2b00000, 0x00000000f5580000)
  object space 44032K, 12% used [0x00000000e0000000,0x00000000e055bcf8,0x00000000e2b00000)
 Metaspace       used 22191K, capacity 23856K, committed 23936K, reserved 1069056K
  class space    used 3069K, capacity 3437K, committed 3456K, reserved 1048576K
}
Event: 9.845 GC heap before
{Heap before GC invocations=8 (full 1):
 PSYoungGen      total 71680K, used 67271K [0x00000000f5580000, 0x00000000fa580000, 0x0000000100000000)
  eden space 64512K, 100% used [0x00000000f5580000,0x00000000f9480000,0x00000000f9480000)
  from space 7168K, 38% used [0x00000000f9e80000,0x00000000fa131e40,0x00000000fa580000)
  to   space 8704K, 0% used [0x00000000f9480000,0x00000000f9480000,0x00000000f9d00000)
 ParOldGen       total 44032K, used 5487K [0x00000000e0000000, 0x00000000e2b00000, 0x00000000f5580000)
  object space 44032K, 12% used [0x00000000e0000000,0x00000000e055bcf8,0x00000000e2b00000)
 Metaspace       used 27397K, capacity 29164K, committed 29568K, reserved 1075200K
  class space    used 3739K, capacity 4109K, committed 4224K, reserved 1048576K
Event: 9.885 GC heap after
Heap after GC invocations=8 (full 1):
 PSYoungGen      total 73216K, used 8238K [0x00000000f5580000, 0x00000000fa580000, 0x0000000100000000)
  eden space 64512K, 0% used [0x00000000f5580000,0x00000000f5580000,0x00000000f9480000)
  from space 8704K, 94% used [0x00000000f9480000,0x00000000f9c8bac0,0x00000000f9d00000)
  to   space 7168K, 0% used [0x00000000f9e80000,0x00000000f9e80000,0x00000000fa580000)
 ParOldGen       total 44032K, used 5487K [0x00000000e0000000, 0x00000000e2b00000, 0x00000000f5580000)
  object space 44032K, 12% used [0x00000000e0000000,0x00000000e055bcf8,0x00000000e2b00000)
 Metaspace       used 27397K, capacity 29164K, committed 29568K, reserved 1075200K
  class space    used 3739K, capacity 4109K, committed 4224K, reserved 1048576K
}
Event: 10.941 GC heap before
{Heap before GC invocations=9 (full 1):
 PSYoungGen      total 73216K, used 72750K [0x00000000f5580000, 0x00000000fa580000, 0x0000000100000000)
  eden space 64512K, 100% used [0x00000000f5580000,0x00000000f9480000,0x00000000f9480000)
  from space 8704K, 94% used [0x00000000f9480000,0x00000000f9c8bac0,0x00000000f9d00000)
  to   space 7168K, 0% used [0x00000000f9e80000,0x00000000f9e80000,0x00000000fa580000)
 ParOldGen       total 44032K, used 5487K [0x00000000e0000000, 0x00000000e2b00000, 0x00000000f5580000)
  object space 44032K, 12% used [0x00000000e0000000,0x00000000e055bcf8,0x00000000e2b00000)
 Metaspace       used 28871K, capacity 30674K, committed 30720K, reserved 1075200K
  class space    used 3952K, capacity 4352K, committed 4352K, reserved 1048576K
Event: 10.949 GC heap after
Heap after GC invocations=9 (full 1):
 PSYoungGen      total 71680K, used 5951K [0x00000000f5580000, 0x00000000fa580000, 0x0000000100000000)
  eden space 64512K, 0% used [0x00000000f5580000,0x00000000f5580000,0x00000000f9480000)
  from space 7168K, 83% used [0x00000000f9e80000,0x00000000fa44ff90,0x00000000fa580000)
  to   space 8704K, 0% used [0x00000000f9480000,0x00000000f9480000,0x00000000f9d00000)
 ParOldGen       total 44032K, used 5495K [0x00000000e0000000, 0x00000000e2b00000, 0x00000000f5580000)
  object space 44032K, 12% used [0x00000000e0000000,0x00000000e055dcf8,0x00000000e2b00000)
 Metaspace       used 28871K, capacity 30674K, committed 30720K, reserved 1075200K
  class space    used 3952K, capacity 4352K, committed 4352K, reserved 1048576K
}

